<?xml version="1.0" encoding="UTF-8"?>
<testsuite xmlns:xsi="http://www.w3.org/2001/XMLSchema-instance" xsi:noNamespaceSchemaLocation="https://maven.apache.org/surefire/maven-surefire-plugin/xsd/surefire-test-report.xsd" name="options.TestRunner" time="17.811" tests="2" errors="0" skipped="0" failures="0">
  <properties>
[...]
</properties>
  <testcase name="User calls web service to get a book by its ISBN" classname="Get book by ISBN" time="13.424"/>
  <testcase name="User calls web service to get user" classname="Get user" time="0.854"/>
</testsuite>